[2026-06-07 09:43:27] === 整点检查 2026-06-07 09:43 ===
[2026-06-07 09:43:27] 当前 Tithi: 22 (Saptami (Krishna Paksha, 7th))
[2026-06-07 09:43:27] Tithi 范围: 2026年06月07日05时17分 ~ 2026年06月08日05时55分
[2026-06-07 09:43:27] 邮件就绪: 印度历法提醒：Saptami (Krishna Paksha, 7th)
[2026-06-07 09:43:32] === 整点检查 2026-06-07 09:43 ===
[2026-06-07 09:43:32] 当前 Tithi: 22 (Saptami (Krishna Paksha, 7th))
[2026-06-07 09:43:32] Tithi 范围: 2026年06月07日05时17分 ~ 2026年06月08日05时55分
[2026-06-07 09:43:32] 本轮 Tithi 已发送邮件，跳过。
[2026-06-07 09:43:39] === 整点检查 2026-06-07 09:43 ===
[2026-06-07 09:43:39] 当前 Tithi: 22 (Saptami (Krishna Paksha, 7th))
[2026-06-07 09:43:39] Tithi 范围: 2026年06月07日05时17分 ~ 2026年06月08日05时55分
[2026-06-07 09:43:39] 邮件就绪: 印度历法提醒：Saptami (Krishna Paksha, 7th)
[2026-06-07 09:43:48] === 整点检查 2026-06-07 09:43 ===
[2026-06-07 09:43:48] 当前 Tithi: 22 (Saptami (Krishna Paksha, 7th))
[2026-06-07 09:43:48] Tithi 范围: 2026年06月07日05时17分 ~ 2026年06月08日05时54分
[2026-06-07 09:43:48] 本轮 Tithi 已发送邮件，跳过。
[2026-06-07 09:44:00] === 整点检查 2026-06-07 09:44 ===
[2026-06-07 09:44:00] 当前 Tithi: 22 (Saptami (Krishna Paksha, 7th))
[2026-06-07 09:44:00] Tithi 范围: 2026年06月07日05时17分 ~ 2026年06月08日05时55分
[2026-06-07 09:44:00] 邮件就绪: 印度历法提醒：Saptami (Krishna Paksha, 7th)
[2026-06-07 09:44:05] === 整点检查 2026-06-07 09:44 ===
[2026-06-07 09:44:05] 当前 Tithi: 22 (Saptami (Krishna Paksha, 7th))
[2026-06-07 09:44:05] Tithi 范围: 2026年06月07日05时17分 ~ 2026年06月08日05时55分
[2026-06-07 09:44:05] 本轮 Tithi 已发送邮件，跳过。
[2026-06-07 09:44:11] === 整点检查 2026-06-07 09:44 ===
[2026-06-07 09:44:11] 当前 Tithi: 22 (Saptami (Krishna Paksha, 7th))
[2026-06-07 09:44:11] Tithi 范围: 2026年06月07日05时18分 ~ 2026年06月08日05时54分
[2026-06-07 09:44:11] 邮件就绪: 印度历法提醒：Saptami (Krishna Paksha, 7th)
[2026-06-07 09:46:06] APScheduler 启动，每小时整点运行...
[2026-06-07 09:46:06] === 整点检查 2026-06-07 09:46 ===
[2026-06-07 09:46:06] 当前 Tithi: 22 (Saptami (Krishna Paksha, 7th))
[2026-06-07 09:46:06] Tithi 范围: 2026年06月07日04时58分 ~ 2026年06月08日05时55分
[2026-06-07 09:46:10] ✓ 邮件已发送 via SMTP: 印度历法提醒：Saptami (Krishna Paksha, 7th)
[2026-06-07 09:49:48] APScheduler 启动，每小时整点运行...
[2026-06-07 09:49:48] === 整点检查 2026-06-07 09:49 ===
[2026-06-07 09:49:48] 当前 Tithi: 22 (Saptami (Krishna Paksha, 7th))
[2026-06-07 09:49:48] Tithi 范围: 2026年06月07日05时11分 ~ 2026年06月08日05时55分
[2026-06-07 09:49:52] ✓ 邮件已发送 via SMTP: 印度历法提醒：Saptami (Krishna Paksha, 7th)
[2026-06-07 09:51:08] APScheduler 启动，每小时整点运行...
[2026-06-07 09:51:08] === 整点检查 2026-06-07 09:51 ===
[2026-06-07 09:51:08] 当前 Tithi: 22 (Saptami (Krishna Paksha, 7th))
[2026-06-07 09:51:08] Tithi 范围: 2026年06月07日05时11分 ~ 2026年06月08日05时55分
[2026-06-07 09:51:12] ✓ 邮件已发送 via SMTP: 印度历法提醒：Saptami (Krishna Paksha, 7th)
[2026-06-07 09:51:27] APScheduler 启动，每小时整点运行...
[2026-06-07 09:51:27] === 整点检查 2026-06-07 09:51 ===
[2026-06-07 09:51:27] 当前 Tithi: 22 (Saptami (Krishna Paksha, 7th))
[2026-06-07 09:51:27] Tithi 范围: 2026年06月07日05时11分 ~ 2026年06月08日05时55分
[2026-06-07 09:51:27] 本轮 Tithi 已发送邮件，跳过。
[2026-06-07 10:00:00] === 整点检查 2026-06-07 10:00 ===
[2026-06-07 10:00:00] 当前 Tithi: 22 (Saptami (Krishna Paksha, 7th))
[2026-06-07 10:00:00] Tithi 范围: 2026年06月07日05时11分 ~ 2026年06月08日05时55分
[2026-06-07 10:00:00] 本轮 Tithi 已发送邮件，跳过。
Traceback (most recent call last):
  File "/workspace/tithi_scheduler.py", line 17, in <module>
    from tithi_calc import (
  File "/workspace/tithi_calc.py", line 15, in <module>
    import swisseph as swe
ModuleNotFoundError: No module named 'swisseph'
Traceback (most recent call last):
  File "/workspace/tithi_scheduler.py", line 17, in <module>
    from tithi_calc import (
  File "/workspace/tithi_calc.py", line 16, in <module>
    import ephem
ModuleNotFoundError: No module named 'ephem'
[2026-06-09 07:26:26] APScheduler 启动，每小时整点运行...
[2026-06-09 07:26:26] === 整点检查 2026-06-09 07:26 ===
[2026-06-09 07:26:26] 当前 Tithi: 24 (Navami (Krishna Paksha, 9th))
[2026-06-09 07:26:26] Tithi 范围: 2026年06月09日05时54分 ~ 2026年06月10日05时05分
[2026-06-09 07:26:30] ✓ 邮件已发送 via SMTP: 印度历法提醒：Navami (Krishna Paksha, 9th)
[2026-06-09 07:28:31] APScheduler 启动，每小时整点运行...
[2026-06-09 07:28:31] === 整点检查 2026-06-09 07:28 ===
[2026-06-09 07:28:31] 当前 Tithi: 24 (Navami (Krishna Paksha, 9th))
[2026-06-09 07:28:31] Tithi 范围: 2026年06月09日05时54分 ~ 2026年06月10日05时05分
[2026-06-09 07:28:31] 本轮 Tithi 已发送邮件，跳过。
[2026-06-09 07:30:36] APScheduler 启动，每小时整点运行...
[2026-06-09 07:30:36] === 整点检查 2026-06-09 07:30 ===
[2026-06-09 07:30:36] 当前 Tithi: 24 (Navami (Krishna Paksha, 9th))
[2026-06-09 07:30:36] Tithi 范围: 2026年06月09日05时54分 ~ 2026年06月10日05时05分
[2026-06-09 07:30:36] 本轮 Tithi 已发送邮件，跳过。
[2026-06-09 07:36:37] 调度器启动：每天北京时间 05:00 检查当日 Tithi...
[2026-06-09 07:36:37] === 每日检查 2026-06-09 07:36 ===
[2026-06-09 07:36:37] 今日发现 1 个监控 Tithi: ['Navami (Krishna Paksha, 9th)']
[2026-06-09 07:36:37]   [Navami (Krishna Paksha, 9th)] 今日已发送，跳过。
[2026-06-09 07:38:47] 调度器启动：每天北京时间 05:00 检查当日 Tithi...
[2026-06-09 07:38:47] === 每日检查 2026-06-09 07:38 ===
[2026-06-09 07:38:47] 今日发现 1 个监控 Tithi: ['Navami (Krishna Paksha, 9th)']
[2026-06-09 07:38:47]   [Navami (Krishna Paksha, 9th)] 今日已发送，跳过。
[2026-06-09 07:40:52] 调度器启动：每天北京时间 05:00 检查当日 Tithi...
[2026-06-09 07:40:52] === 每日检查 2026-06-09 07:40 ===
[2026-06-09 07:40:52] 今日发现 1 个监控 Tithi: ['Navami (Krishna Paksha, 9th)']
[2026-06-09 07:40:52]   [Navami (Krishna Paksha, 9th)] 今日已发送，跳过。
